\BOOKMARK [0][-]{chapter.1}{\376\377\174\222\133\120\060\156\175\161\212\010\140\047}{}% 1
\BOOKMARK [1][-]{section.1.1}{\376\377\0001\174\222\133\120\060\156\175\114\215\357\172\115\122\006}{chapter.1}% 2
\BOOKMARK [1][-]{section.1.2}{\376\377\0002\060\144\060\156\124\014\172\056\174\222\133\120}{chapter.1}% 3
\BOOKMARK [2][-]{subsection.1.2.1}{\376\377\174\222\133\120\060\156\221\115\117\115}{section.1.2}% 4
\BOOKMARK [2][-]{subsection.1.2.2}{\376\377\221\115\117\115\172\172\225\223\116\012\060\156\175\114\215\357}{section.1.2}% 5
\BOOKMARK [2][-]{subsection.1.2.3}{\376\377\175\114\215\357\172\115\122\006\060\153\060\210\060\213\221\317\133\120\123\026}{section.1.2}% 6
\BOOKMARK [1][-]{section.1.3}{\376\377\124\014\172\056\174\222\133\120\131\032\117\123\174\373}{chapter.1}% 7
\BOOKMARK [2][-]{subsection.1.3.1}{\376\377\000D\000\040\000=\000\040\0002\000\040\060\156\130\064\124\010\377\032\175\104\060\177\175\020\177\244}{section.1.3}% 8
\BOOKMARK [2][-]{subsection.1.3.2}{\376\377\000D\000\040\000=\000\040\0003\000\040\060\156\130\064\124\010\377\032\133\376\171\360\177\244}{section.1.3}% 9
\BOOKMARK [2][-]{subsection.1.3.3}{\376\377\175\114\215\357\172\115\122\006\060\156\151\313\142\020}{section.1.3}% 10
\BOOKMARK [2][-]{subsection.1.3.4}{\376\377\0001\153\041\121\103\210\150\163\376\377\010\123\357\143\333\060\152\117\213\377\011}{section.1.3}% 11
\BOOKMARK [2][-]{subsection.1.3.5}{\376\377\060\210\060\212\232\330\153\041\121\103\060\156\210\150\163\376\377\010\227\136\123\357\143\333\060\152\130\064\124\010\377\011}{section.1.3}% 12
\BOOKMARK [0][-]{chapter.2}{\376\377\000C\000h\000e\000r\000n\000-\000S\000i\000m\000o\000n\000s\164\006\212\326\060\156\134\016\121\145}{}% 13
\BOOKMARK [1][-]{section.2.1}{\376\377\000C\000h\000a\000r\000g\000e\000-\000F\000l\000u\000x\000\040\000c\000o\000m\000p\000o\000s\000i\000t\000e}{chapter.2}% 14
\BOOKMARK [2][-]{subsection.2.1.1}{\376\377\000A\000h\000a\000r\000o\000n\000o\000v\000-\000B\000o\000h\000m\122\271\147\234}{section.2.1}% 15
\BOOKMARK [2][-]{subsection.2.1.2}{\376\377\000C\000h\000a\000r\000g\000e\000-\000F\000l\000u\000x\000\040\000c\000o\000m\000p\000o\000s\000i\000t\000e\060\150\060\127\060\146\060\156\060\250\060\313\060\252\060\363}{section.2.1}% 16
\BOOKMARK [2][-]{subsection.2.1.3}{\376\377\060\310\060\374\060\351\060\271\116\012\060\156\060\250\060\313\060\252\060\363\060\156\167\037\172\172}{section.2.1}% 17
\BOOKMARK [1][-]{section.2.2}{\376\377\123\357\143\333\000C\000h\000e\000r\000n\000-\000S\000i\000m\000o\000n\000s\164\006\212\326\060\156\175\114\232\023\166\204\134\016\121\145}{chapter.2}% 18
\BOOKMARK [2][-]{subsection.2.2.1}{\376\377\060\262\060\374\060\270\116\015\131\011\140\047}{section.2.2}% 19
\BOOKMARK [2][-]{subsection.2.2.2}{\376\377\220\113\122\325\145\271\172\013\137\017}{section.2.2}% 20
\BOOKMARK [2][-]{subsection.2.2.3}{\376\377\060\327\060\355\060\321\060\262\060\374\060\277\060\374}{section.2.2}% 21
\BOOKMARK [2][-]{subsection.2.2.4}{\376\377\167\037\172\172\116\055\060\156\123\357\143\333\000C\000h\000e\000r\000n\000-\000S\000i\000m\000o\000n\000s\164\006\212\326}{section.2.2}% 22
\BOOKMARK [2][-]{subsection.2.2.5}{\376\377\153\143\156\226\221\317\133\120\123\026}{section.2.2}% 23
\BOOKMARK [1][-]{section.2.3}{\376\377\227\136\123\357\143\333\000C\000h\000e\000r\000n\000-\000S\000i\000m\000o\000n\000s\164\006\212\326\060\156\175\114\232\023\166\204\134\016\121\145}{chapter.2}% 24
\BOOKMARK [2][-]{subsection.2.3.1}{\376\377\060\262\060\374\060\270\116\015\131\011\140\047}{section.2.3}% 25
\BOOKMARK [2][-]{subsection.2.3.2}{\376\377\000C\000h\000e\000r\000n\000-\000S\000i\000m\000o\000n\000s\117\134\165\050}{section.2.3}% 26
\BOOKMARK [1][-]{section.2.4}{\376\377\123\344\121\170\166\204\060\262\060\374\060\270\164\006\212\326\060\156\145\160\133\146}{chapter.2}% 27
\BOOKMARK [2][-]{subsection.2.4.1}{\376\377\116\073\147\137\060\150\121\205\220\350\133\376\171\360\140\047\060\156\133\232\137\017\123\026}{section.2.4}% 28
\BOOKMARK [2][-]{subsection.2.4.2}{\376\377\000L\000i\000e\177\244\060\156\143\007\145\160\121\231\120\317\060\150\127\372\147\054\060\331\060\257\060\310\060\353\130\064}{section.2.4}% 29
\BOOKMARK [2][-]{subsection.2.4.3}{\376\377\116\073\147\137\060\156\143\245\175\232}{section.2.4}% 30
\BOOKMARK [2][-]{subsection.2.4.4}{\376\377\124\014\117\064\060\331\060\257\060\310\060\353\147\137\116\012\060\156\121\161\131\011\137\256\122\006}{section.2.4}% 31
\BOOKMARK [2][-]{subsection.2.4.5}{\376\377\134\100\142\100\143\245\175\232\137\142\137\017\060\150\060\262\060\374\060\270\130\064}{section.2.4}% 32
\BOOKMARK [2][-]{subsection.2.4.6}{\376\377\154\064\136\163\143\001\060\141\116\012\060\122}{section.2.4}% 33
\BOOKMARK [2][-]{subsection.2.4.7}{\376\377\116\073\147\137\116\012\060\156\146\362\163\207\137\142\137\017}{section.2.4}% 34
\BOOKMARK [2][-]{subsection.2.4.8}{\376\377\146\362\163\207\137\142\137\017\060\156\134\100\142\100\210\150\171\072\060\150\130\064\060\156\137\067\060\125}{section.2.4}% 35
\BOOKMARK [2][-]{subsection.2.4.9}{\376\377\124\014\117\064\060\331\060\257\060\310\060\353\147\137\116\012\060\156\143\245\175\232\060\150\060\135\060\156\134\100\142\100\210\150\171\072}{section.2.4}% 36
\BOOKMARK [2][-]{subsection.2.4.10}{\376\377\124\014\117\064\060\331\060\257\060\310\060\353\147\137\116\012\060\156\146\362\163\207\060\150\060\135\060\156\134\100\142\100\210\150\171\072}{section.2.4}% 37
\BOOKMARK [2][-]{subsection.2.4.11}{\376\377\060\333\060\355\060\316\060\337\060\374}{section.2.4}% 38
\BOOKMARK [2][-]{subsection.2.4.12}{\376\377\060\262\060\374\060\270\164\006\212\326}{section.2.4}% 39
\BOOKMARK [1][-]{section.2.5}{\376\377\162\171\140\047\230\136\060\150\000C\000h\000e\000r\000n\000-\000S\000i\000m\000o\000n\000s\137\142\137\017}{chapter.2}% 40
\BOOKMARK [2][-]{subsection.2.5.1}{\376\377\000L\000i\000e\116\343\145\160\116\012\060\156\116\015\131\011\131\032\230\005\137\017}{section.2.5}% 41
\BOOKMARK [2][-]{subsection.2.5.2}{\376\377\000C\000h\000e\000r\000n\000-\000W\000e\000i\000l\164\006\212\326}{section.2.5}% 42
\BOOKMARK [2][-]{subsection.2.5.3}{\376\377\116\073\147\137\060\150\060\331\060\257\060\310\060\353\147\137}{section.2.5}% 43
\BOOKMARK [2][-]{subsection.2.5.4}{\376\377\116\015\131\011\131\032\230\005\137\017\060\156\116\343\145\160\151\313\220\040}{section.2.5}% 44
\BOOKMARK [2][-]{subsection.2.5.5}{\376\377\162\171\140\047\230\136\060\156\060\333\060\342\060\310\060\324\060\374\212\326\166\204\142\161\060\104}{section.2.5}% 45
\BOOKMARK [0][-]{chapter.3}{\376\377\117\115\166\370\166\204\130\064\060\156\164\006\212\326}{}% 46
\BOOKMARK [1][-]{section.3.1}{\376\377\060\342\060\316\060\244\060\300\060\353\127\017}{chapter.3}% 47
\BOOKMARK [2][-]{subsection.3.1.1}{\376\377\060\342\060\316\060\244\060\300\060\353\127\017\060\156\133\232\177\251}{section.3.1}% 48
\BOOKMARK [2][-]{subsection.3.1.2}{\376\377\175\104\175\020\116\330\060\115\060\342\060\316\060\244\060\300\060\353\127\017}{section.3.1}% 49
\BOOKMARK [2][-]{subsection.3.1.3}{\376\377\225\211\127\017\060\373\000r\000i\000g\000i\000d\060\152\060\342\060\316\060\244\060\300\060\353\127\017\060\373\060\300\060\254\060\374\127\017}{section.3.1}% 50
\BOOKMARK [2][-]{subsection.3.1.4}{\376\377\060\342\060\316\060\244\060\300\060\353\225\242\142\113}{section.3.1}% 51
\BOOKMARK [1][-]{section.3.2}{\376\377\000T\000Q\000F\000T\060\156\133\232\177\251}{chapter.3}% 52
\BOOKMARK [2][-]{subsection.3.2.1}{\376\377\000A\000t\000i\000y\000a\000h\060\156\121\154\164\006\174\373}{section.3.2}% 53
\BOOKMARK [1][-]{section.3.3}{\376\377\220\043\175\232\060\152\232\330\153\041\133\376\171\360\140\047}{chapter.3}% 54
\BOOKMARK [2][-]{subsection.3.3.1}{\376\377\220\032\136\070\060\156\133\376\171\360\140\047}{section.3.3}% 55
\BOOKMARK [2][-]{subsection.3.3.2}{\376\377\220\043\175\232\166\204\232\330\153\041\133\376\171\360\140\047}{section.3.3}% 56
\BOOKMARK [2][-]{subsection.3.3.3}{\376\377\133\376\171\360\140\047\060\156\201\352\166\172\166\204\170\064\060\214}{section.3.3}% 57
\BOOKMARK [2][-]{subsection.3.3.4}{\376\377\232\330\153\041\133\376\171\360\140\047\060\156\201\352\166\172\166\204\170\064\060\214}{section.3.3}% 58
\BOOKMARK [2][-]{subsection.3.3.5}{\376\377\232\330\153\041\133\376\171\360\140\047\060\156\000C\000o\000l\000e\000m\000a\000n\000-\000M\000e\000r\000m\000i\000n\000-\000W\000a\000g\000n\000e\000r\060\156\133\232\164\006}{section.3.3}% 59
\BOOKMARK [2][-]{subsection.3.3.6}{\376\377\133\376\171\360\140\047\060\156\060\242\060\316\060\336\060\352\060\374}{section.3.3}% 60
\BOOKMARK [2][-]{subsection.3.3.7}{\376\377\232\330\153\041\133\376\171\360\140\047\060\156\060\242\060\316\060\336\060\352\060\374}{section.3.3}% 61
\BOOKMARK [1][-]{section.3.4}{\376\377\000D\000i\000j\000k\000g\000r\000a\000a\000f\000-\000W\000i\000t\000t\000e\000n\164\006\212\326}{chapter.3}% 62
\BOOKMARK [2][-]{subsection.3.4.1}{\376\377\146\156\220\115\147\137}{section.3.4}% 63
\BOOKMARK [2][-]{subsection.3.4.2}{\376\377\177\244\060\263\060\333\060\342\060\355\060\270\060\374}{section.3.4}% 64
\BOOKMARK [2][-]{subsection.3.4.3}{\376\377\225\242\142\113\060\150\060\127\060\146\060\156\143\245\175\232}{section.3.4}% 65
\BOOKMARK [2][-]{subsection.3.4.4}{\376\377\060\310\060\335\060\355\060\270\060\253\060\353\060\152\060\262\060\374\060\270\164\006\212\326\377\032\000L\000i\000e\177\244\060\156\130\064\124\010}{section.3.4}% 66
\BOOKMARK [2][-]{subsection.3.4.5}{\376\377\060\310\060\335\060\355\060\270\060\253\060\353\060\152\060\262\060\374\060\270\164\006\212\326\377\032\147\011\226\120\177\244\060\156\130\064\124\010}{section.3.4}% 67
\BOOKMARK [1][-]{section.3.5}{\376\377\226\342\145\143\166\204\232\330\153\041\060\262\060\374\060\270\164\006\212\326}{chapter.3}% 68
\BOOKMARK [2][-]{subsection.3.5.1}{\376\377\000D\000e\000l\000i\000g\000n\000e\000-\000B\000e\000i\000l\000i\000n\000s\000o\000n\060\263\060\265\060\244\060\257\060\353\060\150\060\127\060\146\060\156\000\040\000U\000\050\0001\000\051\000\040\060\262\060\374\060\270\130\064}{section.3.5}% 69
\BOOKMARK [2][-]{subsection.3.5.2}{\376\377\000B\000F\000-\164\006\212\326}{section.3.5}% 70
\BOOKMARK [2][-]{subsection.3.5.3}{\376\377\000B\000F\000-\164\006\212\326\060\156\173\111\117\241\060\152\137\142}{section.3.5}% 71
\BOOKMARK [2][-]{subsection.3.5.4}{\376\377\000B\000F\000-\164\006\212\326\060\153\060\112\060\121\060\213\000\040\000'\000t\000\040\000H\000o\000o\000f\000t\000\040\000o\000p\000e\000r\000a\000t\000o\000r}{section.3.5}% 72
\BOOKMARK [1][-]{section.3.6}{\376\377\232\330\153\041\060\156\060\262\060\374\060\270\164\006\212\326\000-\060\210\060\212\123\263\133\306\060\152\133\232\137\017\123\026}{chapter.3}% 73
\BOOKMARK [2][-]{subsection.3.6.1}{\376\377\0000\000-\000f\000o\000r\000m\060\156\060\176\060\150\060\201}{section.3.6}% 74
\BOOKMARK [2][-]{subsection.3.6.2}{\376\377\000p\000-\000f\000o\000r\000m\060\170\060\156\142\341\137\065}{section.3.6}% 75
\BOOKMARK [2][-]{subsection.3.6.3}{\376\377\232\330\153\041\177\244\060\156\151\313\220\040\060\114\201\352\146\016\060\152\130\064\124\010\377\032\000-\000g\000r\000o\000u\000p\000o\000i\000d}{section.3.6}% 76
\BOOKMARK [2][-]{subsection.3.6.4}{\376\377\0002\000-\177\244\060\156\130\064\124\010\377\032\060\333\060\355\060\316\060\337\060\374\0002\000-\225\242\142\113}{section.3.6}% 77
\BOOKMARK [1][-]{section.3.7}{\376\377\000\050\0001\000+\0001\000\051\000-\153\041\121\103\060\156\147\011\226\120\000\040\0000\000-\000f\000o\000r\000m\133\376\171\360\140\047\060\156\060\262\060\374\060\270\123\026}{chapter.3}% 78
\BOOKMARK [2][-]{subsection.3.7.1}{\376\377\060\346\060\313\060\277\060\352\060\325\060\345\060\374\060\270\060\347\060\363\127\017\060\150\060\127\060\146\060\156\000\040\0000\000-\000f\000o\000r\000m\133\376\171\360\140\047}{section.3.7}% 79
\BOOKMARK [2][-]{subsection.3.7.2}{\376\377\116\343\145\160\133\376\214\141\060\150\060\262\060\374\060\270\123\026}{section.3.7}% 80
\BOOKMARK [2][-]{subsection.3.7.3}{\376\377\060\262\060\374\060\270\123\026\060\125\060\214\060\137\164\006\212\326\060\156\143\001\060\144\133\376\171\360\140\047}{section.3.7}% 81
\BOOKMARK [2][-]{subsection.3.7.4}{\376\377\173\111\117\241\060\152\060\262\060\374\060\270\123\026}{section.3.7}% 82
\BOOKMARK [2][-]{subsection.3.7.5}{\376\377\121\215\060\262\060\374\060\270\123\026}{section.3.7}% 83
\BOOKMARK [2][-]{subsection.3.7.6}{\376\377\060\262\060\374\060\270\123\026\060\147\171\373\060\212\124\010\060\110\060\213\133\376\171\360\140\047}{section.3.7}% 84
\BOOKMARK [1][-]{section.3.8}{\376\377\000T\000u\000r\000a\000e\000v\000-\000V\000i\000r\000o\164\006\212\326}{chapter.3}% 85
\BOOKMARK [2][-]{subsection.3.8.1}{\376\377\164\003\162\266\127\017\060\153\225\242\060\131\060\213\156\226\120\231}{section.3.8}% 86
\BOOKMARK [2][-]{subsection.3.8.2}{\376\377\000P\000L\131\032\151\330\117\123\060\153\225\242\060\131\060\213\156\226\120\231}{section.3.8}% 87
\BOOKMARK [2][-]{subsection.3.8.3}{\376\377\000T\000u\000r\000a\000e\000v\000-\000V\000i\000r\000o\116\015\131\011\221\317\060\156\151\313\142\020\377\032\225\211\131\032\151\330\117\123}{section.3.8}% 88
\BOOKMARK [2][-]{subsection.3.8.4}{\376\377\000T\000u\000r\000a\000e\000v\000-\000V\000i\000r\000o\116\015\131\011\221\317\060\156\151\313\142\020\377\032\130\203\165\114\116\330\060\115\131\032\151\330\117\123}{section.3.8}% 89
\BOOKMARK [2][-]{subsection.3.8.5}{\376\377\000s\000t\000a\000t\000e\000\040\000s\000u\000m\000\040\000T\000Q\000F\000T}{section.3.8}% 90
\BOOKMARK [2][-]{subsection.3.8.6}{\376\377\116\011\211\322\137\142\122\006\122\162\060\156\130\064\124\010}{section.3.8}% 91
\BOOKMARK [1][-]{section.3.9}{\376\377\226\342\145\143\166\204\232\330\153\041\133\376\171\360\140\047}{chapter.3}% 92
\BOOKMARK [2][-]{subsection.3.9.1}{\376\377\000B\000F\000-\164\006\212\326\060\153\060\112\060\121\060\213\226\342\145\143\166\204\232\330\153\041\133\376\171\360\140\047}{section.3.9}% 93
\BOOKMARK [2][-]{subsection.3.9.2}{\376\377\116\055\137\303\133\376\171\360\140\047\060\156\060\262\060\374\060\270\123\026}{section.3.9}% 94
\BOOKMARK [2][-]{subsection.3.9.3}{\376\377\147\011\226\120\220\350\122\006\177\244\060\156\060\262\060\374\060\270\123\026}{section.3.9}% 95
\BOOKMARK [0][-]{chapter.4}{\376\377\127\017\212\326\060\150\060\310\060\335\060\355\060\270\060\253\060\353\171\351\136\217}{}% 96
\BOOKMARK [1][-]{section.4.1}{\376\377\060\310\060\335\060\355\060\270\060\253\060\353\171\351\136\217\060\156\060\337\060\257\060\355\060\152\133\232\177\251}{chapter.4}% 97
\BOOKMARK [2][-]{subsection.4.1.1}{\376\377\060\337\060\257\060\355\060\152\211\226\160\271\060\113\060\211\221\317\133\120\166\370\060\222\133\232\177\251\060\131\060\213\212\146\060\177}{section.4.1}% 98
\BOOKMARK [2][-]{subsection.4.1.2}{\376\377\221\315\122\233\060\242\060\316\060\336\060\352\060\374}{section.4.1}% 99
\BOOKMARK [1][-]{section.4.2}{\376\377\060\310\060\335\060\355\060\270\060\253\060\353\171\351\136\217\060\156\060\336\060\257\060\355\060\152\162\171\137\264\116\330\060\121}{chapter.4}% 100
\BOOKMARK [1][-]{section.4.3}{\376\377\0000\000+\0001\000\040\153\041\121\103\060\156\060\310\060\335\060\355\060\270\060\253\060\353\153\040\226\145}{chapter.4}% 101
\BOOKMARK [2][-]{subsection.4.3.1}{\376\377\060\242\060\374\060\331\060\353\127\017\060\150\060\127\060\146\060\156\151\313\220\040}{section.4.3}% 102
\BOOKMARK [2][-]{subsection.4.3.2}{\376\377\060\342\060\316\060\244\060\300\060\353\127\017\060\150\060\127\060\146\060\156\151\313\220\040}{section.4.3}% 103
\BOOKMARK [2][-]{subsection.4.3.3}{\376\377\060\346\060\313\060\277\060\352\060\306\060\243}{section.4.3}% 104
\BOOKMARK [2][-]{subsection.4.3.4}{\376\377\000r\000i\000g\000i\000d\000i\000t\000y}{section.4.3}% 105
\BOOKMARK [2][-]{subsection.4.3.5}{\376\377\175\104\175\020}{section.4.3}% 106
\BOOKMARK [2][-]{subsection.4.3.6}{\376\377\060\352\060\334\060\363\151\313\220\040}{section.4.3}% 107
\BOOKMARK [2][-]{subsection.4.3.7}{\376\377\000U\000M\000T\000C}{section.4.3}% 108
\BOOKMARK [1][-]{section.4.4}{\376\377\000L\000e\000v\000i\000n\000-\000W\000e\000n\152\041\127\213}{chapter.4}% 109
\BOOKMARK [0][-]{appendix.A}{\376\377\060\263\060\333\060\342\060\355\060\270\060\374}{}% 110
\BOOKMARK [1][-]{section.A.1}{\376\377\134\016\147\145\225\242\142\113}{appendix.A}% 111
\BOOKMARK [1][-]{section.A.2}{\376\377\134\144\117\302\145\160\060\263\060\333\060\342\060\355\060\270\060\374}{appendix.A}% 112
\BOOKMARK [1]